#TYPE System.IO.FileInfo
"PSPath","PSParentPath","PSChildName","PSDrive","PSProvider","PSIsContainer","Mode","VersionInfo","BaseName","Target","LinkType","Name","Length","DirectoryName","Directory","IsReadOnly","Exists","FullName","Extension","CreationTime","CreationTimeUtc","LastAccessTime","LastAccessTimeUtc","LastWriteTime","LastWriteTimeUtc","Attributes"
"Microsoft.PowerShell.Core\FileSystem::C:\Users\champuser\TechJournal-SYS320-CSI230\Week2\Deliverable-11.ps1","Microsoft.PowerShell.Core\FileSystem::C:\Users\champuser\TechJournal-SYS320-CSI230\Week2","Deliverable-11.ps1","C","Microsoft.PowerShell.Core\FileSystem","False","-a----","File:             C:\Users\champuser\TechJournal-SYS320-CSI230\Week2\Deliverable-11.ps1
InternalName:     
OriginalFilename: 
FileVersion:      
FileDescription:  
Product:          
ProductVersion:   
Debug:            False
Patched:          False
PreRelease:       False
PrivateBuild:     False
SpecialBuild:     False
Language:         
","Deliverable-11","System.Collections.Generic.List`1[System.String]",,"Deliverable-11.ps1","382","C:\Users\champuser\TechJournal-SYS320-CSI230\Week2","C:\Users\champuser\TechJournal-SYS320-CSI230\Week2","False","True","C:\Users\champuser\TechJournal-SYS320-CSI230\Week2\Deliverable-11.ps1",".ps1","9/8/2025 12:59:01 PM","9/8/2025 4:59:01 PM","9/8/2025 3:38:52 PM","9/8/2025 7:38:52 PM","9/8/2025 3:38:52 PM","9/8/2025 7:38:52 PM","Archive"
"Microsoft.PowerShell.Core\FileSystem::C:\Users\champuser\TechJournal-SYS320-CSI230\Week2\Lab_1_Part_2_Directory_Listings.ps1","Microsoft.PowerShell.Core\FileSystem::C:\Users\champuser\TechJournal-SYS320-CSI230\Week2","Lab_1_Part_2_Directory_Listings.ps1","C","Microsoft.PowerShell.Core\FileSystem","False","-a----","File:             C:\Users\champuser\TechJournal-SYS320-CSI230\Week2\Lab_1_Part_2_Directory_Listings.ps1
InternalName:     
OriginalFilename: 
FileVersion:      
FileDescription:  
Product:          
ProductVersion:   
Debug:            False
Patched:          False
PreRelease:       False
PrivateBuild:     False
SpecialBuild:     False
Language:         
","Lab_1_Part_2_Directory_Listings","System.Collections.Generic.List`1[System.String]",,"Lab_1_Part_2_Directory_Listings.ps1","975","C:\Users\champuser\TechJournal-SYS320-CSI230\Week2","C:\Users\champuser\TechJournal-SYS320-CSI230\Week2","False","True","C:\Users\champuser\TechJournal-SYS320-CSI230\Week2\Lab_1_Part_2_Directory_Listings.ps1",".ps1","9/8/2025 11:52:42 AM","9/8/2025 3:52:42 PM","9/8/2025 12:48:11 PM","9/8/2025 4:48:11 PM","9/8/2025 12:48:11 PM","9/8/2025 4:48:11 PM","Archive"
"Microsoft.PowerShell.Core\FileSystem::C:\Users\champuser\TechJournal-SYS320-CSI230\Week2\Powershell-Lab-1-pt1-Networking.ps1","Microsoft.PowerShell.Core\FileSystem::C:\Users\champuser\TechJournal-SYS320-CSI230\Week2","Powershell-Lab-1-pt1-Networking.ps1","C","Microsoft.PowerShell.Core\FileSystem","False","-a----","File:             C:\Users\champuser\TechJournal-SYS320-CSI230\Week2\Powershell-Lab-1-pt1-Networking.ps1
InternalName:     
OriginalFilename: 
FileVersion:      
FileDescription:  
Product:          
ProductVersion:   
Debug:            False
Patched:          False
PreRelease:       False
PrivateBuild:     False
SpecialBuild:     False
Language:         
","Powershell-Lab-1-pt1-Networking","System.Collections.Generic.List`1[System.String]",,"Powershell-Lab-1-pt1-Networking.ps1","1039","C:\Users\champuser\TechJournal-SYS320-CSI230\Week2","C:\Users\champuser\TechJournal-SYS320-CSI230\Week2","False","True","C:\Users\champuser\TechJournal-SYS320-CSI230\Week2\Powershell-Lab-1-pt1-Networking.ps1",".ps1","9/1/2025 12:08:27 PM","9/1/2025 4:08:27 PM","9/1/2025 12:08:27 PM","9/1/2025 4:08:27 PM","9/1/2025 12:08:27 PM","9/1/2025 4:08:27 PM","Archive"
